
> medialoader@0.1.0 dev
> next dev

Γû▓ Next.js 16.1.6 (Turbopack)
- Local:         http://localhost:3000
- Network:       http://192.168.184.37:3000
- Environments: .env.local
- Experiments (use with caution):
  ┬╖ serverActions

Γ£ô Starting...
Γ£ô Ready in 1667ms
ΓÜá metadataBase property in metadata export is not set for resolving social open graph or twitter images, using "http://localhost:3000". See https://nextjs.org/docs/app/api-reference/functions/generate-metadata#metadatabase
 GET / 200 in 4.1s (compile: 3.0s, render: 1148ms)
ΓÜá metadataBase property in metadata export is not set for resolving social open graph or twitter images, using "http://localhost:3000". See https://nextjs.org/docs/app/api-reference/functions/generate-metadata#metadatabase
 GET / 200 in 142ms (compile: 76ms, render: 66ms)
Γ£ô Compiled in 177ms
Γ£ô Compiled in 83ms
ΓÜá metadataBase property in metadata export is not set for resolving social open graph or twitter images, using "http://localhost:3000". See https://nextjs.org/docs/app/api-reference/functions/generate-metadata#metadatabase
Γ£ô Compiled in 701ms
 GET / 200 in 132ms (compile: 85ms, render: 47ms)
 GET / 200 in 1250ms (compile: 17ms, render: 1234ms)
 GET / 200 in 357ms (compile: 14ms, render: 343ms)
 GET / 200 in 392ms (compile: 16ms, render: 376ms)
 GET / 200 in 342ms (compile: 14ms, render: 328ms)
 GET / 200 in 294ms (compile: 14ms, render: 280ms)
Γ£ô Compiled in 74ms
